<?xml version="1.0" encoding="UTF-8"?>
<!-- Generated by org.testng.reporters.JUnitReportReporter -->
<testsuite hostname="Chitra" failures="0" tests="3" name="tests.rest.TC_BookingOperations" time="4.564" errors="0" timestamp="2024-11-01T20:27:47 IST" skipped="0">
  <testcase classname="tests.rest.TC_BookingOperations" name="updateBooking" time="1.366"/>
  <system-out/>
  <testcase classname="tests.rest.TC_BookingOperations" name="getallBookingId" time="1.784"/>
  <system-out/>
  <testcase classname="tests.rest.TC_BookingOperations" name="createBooking" time="1.414"/>
  <system-out/>
</testsuite> <!-- tests.rest.TC_BookingOperations -->
